[ 1548042ms] [WARNING] Detected `scroll-behavior: smooth` on the `<html>` element. To disable smooth scrolling during route transitions, add `data-scroll-behavior="smooth"` to your <html> element. Learn more: https://nextjs.org/docs/messages/missing-data-scroll-behavior @ http://localhost:3000/_next/static/chunks/node_modules_next_dist_f3530cac._.js:2297
[ 1837660ms] [ERROR] Failed to load resource: the server responded with a status of 404 (Not Found) @ http://localhost:3000/placeholder-partner-logo.svg:0
[ 4586436ms] [ERROR] ./src/components/templates/template-content-editor.tsx:88:7
Ecmascript file had an error
  86 | };
  87 |
> 88 | const REGISTRATION_DEFAULTS: RegistrationFields = {
     |       ^^^^^^^^^^^^^^^^^^^^^
  89 |     heroHeadline: "Virtual Workshop",
  90 |     heroDescription:
  91 |         "Join us for a transformative session where you'll gain access to world-class tools and strategies.",

the name `REGISTRATION_DEFAULTS` is defined multiple times

Import trace:
  Server Component:
    ./src/components/templates/template-content-editor.tsx
    ./src/app/(dashboard)/templates/[id]/edit/page.tsx @ http://localhost:3000/_next/static/chunks/node_modules_next_dist_f3530cac._.js:3127
[ 4586439ms] [ERROR] ./src/components/templates/template-content-editor.tsx:65:7
Ecmascript file had an error
  63 | // ---------------------------------------------------------------------------
  64 |
> 65 | const SOLO_DEFAULTS: SoloLandingFields = {
     |       ^^^^^^^^^^^^^
  66 |     heroTitle: "{{workshop_title}}",
  67 |     heroSubtitle: "Build Value. Scale Up. Finish Strong.",
  68 |     coachName: "{{coach_name}}",

the name `SOLO_DEFAULTS` is defined multiple times

Import trace:
  Server Component:
    ./src/components/templates/template-content-editor.tsx
    ./src/app/(dashboard)/templates/[id]/edit/page.tsx @ http://localhost:3000/_next/static/chunks/node_modules_next_dist_f3530cac._.js:3127
[ 4586440ms] [ERROR] ./src/components/templates/template-content-editor.tsx:101:7
Ecmascript file had an error
   99 | };
  100 |
> 101 | const THANKYOU_DEFAULTS: ThankYouFields = {
      |       ^^^^^^^^^^^^^^^^^
  102 |     headline: "Thank you for Registering for the",
  103 |     subheadline:
  104 |         "You'll receive an email shortly with instructions and details for the workshop.",

the name `THANKYOU_DEFAULTS` is defined multiple times

Import trace:
  Server Component:
    ./src/components/templates/template-content-editor.tsx
    ./src/app/(dashboard)/templates/[id]/edit/page.tsx @ http://localhost:3000/_next/static/chunks/node_modules_next_dist_f3530cac._.js:3127
[ 4586440ms] [ERROR] ./src/components/templates/template-content-editor.tsx:1148:10
Ecmascript file had an error
  1146 | // ---------------------------------------------------------------------------
  1147 |
> 1148 | function safeJsonParse(content: string): Record<string, unknown> {
       |          ^^^^^^^^^^^^^
  1149 |     try {
  1150 |         const parsed = JSON.parse(content);
  1151 |         return typeof parsed === "object" && parsed !== null ? parsed : {};

the name `safeJsonParse` is defined multiple times

Import trace:
  Server Component:
    ./src/components/templates/template-content-editor.tsx
    ./src/app/(dashboard)/templates/[id]/edit/page.tsx @ http://localhost:3000/_next/static/chunks/node_modules_next_dist_f3530cac._.js:3127
[ 4601043ms] [ERROR] ./src/components/templates/template-content-editor.tsx:1060:10
Ecmascript file had an error
  1058 | // ---------------------------------------------------------------------------
  1059 |
> 1060 | function safeJsonParse(content: string): Record<string, unknown> {
       |          ^^^^^^^^^^^^^
  1061 |     try {
  1062 |         const parsed = JSON.parse(content);
  1063 |         return typeof parsed === "object" && parsed !== null ? parsed : {};

the name `safeJsonParse` is defined multiple times

Import trace:
  Server Component:
    ./src/components/templates/template-content-editor.tsx
    ./src/app/(dashboard)/templates/[id]/edit/page.tsx @ http://localhost:3000/_next/static/chunks/node_modules_next_dist_f3530cac._.js:3127
[ 4611830ms] [ERROR] ./src/components/templates/template-content-editor.tsx:1073:10
Ecmascript file had an error
  1071 | // ---------------------------------------------------------------------------
  1072 |
> 1073 | function safeJsonParse(content: string): Record<string, unknown> {
       |          ^^^^^^^^^^^^^
  1074 |     try {
  1075 |         const parsed = JSON.parse(content);
  1076 |         return typeof parsed === "object" && parsed !== null ? parsed : {};

the name `safeJsonParse` is defined multiple times

Import trace:
  Server Component:
    ./src/components/templates/template-content-editor.tsx
    ./src/app/(dashboard)/templates/[id]/edit/page.tsx @ http://localhost:3000/_next/static/chunks/node_modules_next_dist_f3530cac._.js:3127
[ 4624111ms] [ERROR] ./src/components/templates/template-content-editor.tsx:1085:10
Ecmascript file had an error
  1083 | // ---------------------------------------------------------------------------
  1084 |
> 1085 | function safeJsonParse(content: string): Record<string, unknown> {
       |          ^^^^^^^^^^^^^
  1086 |     try {
  1087 |         const parsed = JSON.parse(content);
  1088 |         return typeof parsed === "object" && parsed !== null ? parsed : {};

the name `safeJsonParse` is defined multiple times

Import trace:
  Server Component:
    ./src/components/templates/template-content-editor.tsx
    ./src/app/(dashboard)/templates/[id]/edit/page.tsx @ http://localhost:3000/_next/static/chunks/node_modules_next_dist_f3530cac._.js:3127
[ 4637324ms] [ERROR] ./src/components/templates/template-content-editor.tsx:1092:10
Ecmascript file had an error
  1090 | // ---------------------------------------------------------------------------
  1091 |
> 1092 | function safeJsonParse(content: string): Record<string, unknown> {
       |          ^^^^^^^^^^^^^
  1093 |     try {
  1094 |         const parsed = JSON.parse(content);
  1095 |         return typeof parsed === "object" && parsed !== null ? parsed : {};

the name `safeJsonParse` is defined multiple times

Import trace:
  Server Component:
    ./src/components/templates/template-content-editor.tsx
    ./src/app/(dashboard)/templates/[id]/edit/page.tsx @ http://localhost:3000/_next/static/chunks/node_modules_next_dist_f3530cac._.js:3127
[ 4774867ms] [ERROR] %o

%s ReferenceError: initialRef is not defined
    at TemplateContentEditor (http://localhost:3000/_next/static/chunks/src_eaa771e8._.js?id=%255Bproject%255D%252Fsrc%252Fcomponents%252Ftemplates%252Ftemplate-content-editor.tsx+%255Bapp-client%255D+%2528ecmascript%2529:73:201)
    at Object.react_stack_bottom_frame (http://localhost:3000/_next/static/chunks/node_modules_next_dist_compiled_react-dom_1e674e59._.js:14826:24)
    at renderWithHooks (http://localhost:3000/_next/static/chunks/node_modules_next_dist_compiled_react-dom_1e674e59._.js:4651:24)
    at updateFunctionComponent (http://localhost:3000/_next/static/chunks/node_modules_next_dist_compiled_react-dom_1e674e59._.js:6112:21)
    at beginWork (http://localhost:3000/_next/static/chunks/node_modules_next_dist_compiled_react-dom_1e674e59._.js:6708:24)
    at runWithFiberInDEV (http://localhost:3000/_next/static/chunks/node_modules_next_dist_compiled_react-dom_1e674e59._.js:965:74)
    at performUnitOfWork (http://localhost:3000/_next/static/chunks/node_modules_next_dist_compiled_react-dom_1e674e59._.js:9562:97)
    at workLoopSync (http://localhost:3000/_next/static/chunks/node_modules_next_dist_compiled_react-dom_1e674e59._.js:9456:40)
    at renderRootSync (http://localhost:3000/_next/static/chunks/node_modules_next_dist_compiled_react-dom_1e674e59._.js:9440:13)
    at performWorkOnRoot (http://localhost:3000/_next/static/chunks/node_modules_next_dist_compiled_react-dom_1e674e59._.js:9105:47)
    at performSyncWorkOnRoot (http://localhost:3000/_next/static/chunks/node_modules_next_dist_compiled_react-dom_1e674e59._.js:10238:9)
    at flushSyncWorkAcrossRoots_impl (http://localhost:3000/_next/static/chunks/node_modules_next_dist_compiled_react-dom_1e674e59._.js:10154:316)
    at flushSyncWork$1 (http://localhost:3000/_next/static/chunks/node_modules_next_dist_compiled_react-dom_1e674e59._.js:9237:86)
    at Object.scheduleRefresh (http://localhost:3000/_next/static/chunks/node_modules_next_dist_compiled_react-dom_1e674e59._.js:299:13)
    at http://localhost:3000/_next/static/chunks/node_modules_next_dist_compiled_a0e4c7b4._.js:391:33
    at Set.forEach (<anonymous>)
    at Object.performReactRefresh (http://localhost:3000/_next/static/chunks/node_modules_next_dist_compiled_a0e4c7b4._.js:384:38)
    at applyUpdate (http://localhost:3000/_next/static/chunks/node_modules_next_dist_compiled_a0e4c7b4._.js:878:31)
    at http://localhost:3000/_next/static/chunks/node_modules_next_dist_compiled_a0e4c7b4._.js:886:13 The above error occurred in the <TemplateContentEditor> component. It was handled by the <ErrorBoundaryHandler> error boundary. @ http://localhost:3000/_next/static/chunks/node_modules_next_dist_client_17643121._.js:1342
[ 4774887ms] [ERROR] Application error: ReferenceError: initialRef is not defined
    at TemplateContentEditor (http://localhost:3000/_next/static/chunks/src_eaa771e8._.js?id=%255Bproject%255D%252Fsrc%252Fcomponents%252Ftemplates%252Ftemplate-content-editor.tsx+%255Bapp-client%255D+%2528ecmascript%2529:73:201)
    at Object.react_stack_bottom_frame (http://localhost:3000/_next/static/chunks/node_modules_next_dist_compiled_react-dom_1e674e59._.js:14826:24)
    at renderWithHooks (http://localhost:3000/_next/static/chunks/node_modules_next_dist_compiled_react-dom_1e674e59._.js:4651:24)
    at updateFunctionComponent (http://localhost:3000/_next/static/chunks/node_modules_next_dist_compiled_react-dom_1e674e59._.js:6112:21)
    at beginWork (http://localhost:3000/_next/static/chunks/node_modules_next_dist_compiled_react-dom_1e674e59._.js:6708:24)
    at runWithFiberInDEV (http://localhost:3000/_next/static/chunks/node_modules_next_dist_compiled_react-dom_1e674e59._.js:965:74)
    at performUnitOfWork (http://localhost:3000/_next/static/chunks/node_modules_next_dist_compiled_react-dom_1e674e59._.js:9562:97)
    at workLoopSync (http://localhost:3000/_next/static/chunks/node_modules_next_dist_compiled_react-dom_1e674e59._.js:9456:40)
    at renderRootSync (http://localhost:3000/_next/static/chunks/node_modules_next_dist_compiled_react-dom_1e674e59._.js:9440:13)
    at performWorkOnRoot (http://localhost:3000/_next/static/chunks/node_modules_next_dist_compiled_react-dom_1e674e59._.js:9105:47)
    at performSyncWorkOnRoot (http://localhost:3000/_next/static/chunks/node_modules_next_dist_compiled_react-dom_1e674e59._.js:10238:9)
    at flushSyncWorkAcrossRoots_impl (http://localhost:3000/_next/static/chunks/node_modules_next_dist_compiled_react-dom_1e674e59._.js:10154:316)
    at flushSyncWork$1 (http://localhost:3000/_next/static/chunks/node_modules_next_dist_compiled_react-dom_1e674e59._.js:9237:86)
    at Object.scheduleRefresh (http://localhost:3000/_next/static/chunks/node_modules_next_dist_compiled_react-dom_1e674e59._.js:299:13)
    at http://localhost:3000/_next/static/chunks/node_modules_next_dist_compiled_a0e4c7b4._.js:391:33
    at Set.forEach (<anonymous>)
    at Object.performReactRefresh (http://localhost:3000/_next/static/chunks/node_modules_next_dist_compiled_a0e4c7b4._.js:384:38)
    at applyUpdate (http://localhost:3000/_next/static/chunks/node_modules_next_dist_compiled_a0e4c7b4._.js:878:31)
    at http://localhost:3000/_next/static/chunks/node_modules_next_dist_compiled_a0e4c7b4._.js:886:13 @ http://localhost:3000/_next/static/chunks/node_modules_next_dist_f3530cac._.js:3127
[ 4774888ms] [ERROR] Application error: ReferenceError: initialRef is not defined
    at TemplateContentEditor (http://localhost:3000/_next/static/chunks/src_eaa771e8._.js?id=%255Bproject%255D%252Fsrc%252Fcomponents%252Ftemplates%252Ftemplate-content-editor.tsx+%255Bapp-client%255D+%2528ecmascript%2529:73:201)
    at Object.react_stack_bottom_frame (http://localhost:3000/_next/static/chunks/node_modules_next_dist_compiled_react-dom_1e674e59._.js:14826:24)
    at renderWithHooks (http://localhost:3000/_next/static/chunks/node_modules_next_dist_compiled_react-dom_1e674e59._.js:4651:24)
    at updateFunctionComponent (http://localhost:3000/_next/static/chunks/node_modules_next_dist_compiled_react-dom_1e674e59._.js:6112:21)
    at beginWork (http://localhost:3000/_next/static/chunks/node_modules_next_dist_compiled_react-dom_1e674e59._.js:6708:24)
    at runWithFiberInDEV (http://localhost:3000/_next/static/chunks/node_modules_next_dist_compiled_react-dom_1e674e59._.js:965:74)
    at performUnitOfWork (http://localhost:3000/_next/static/chunks/node_modules_next_dist_compiled_react-dom_1e674e59._.js:9562:97)
    at workLoopSync (http://localhost:3000/_next/static/chunks/node_modules_next_dist_compiled_react-dom_1e674e59._.js:9456:40)
    at renderRootSync (http://localhost:3000/_next/static/chunks/node_modules_next_dist_compiled_react-dom_1e674e59._.js:9440:13)
    at performWorkOnRoot (http://localhost:3000/_next/static/chunks/node_modules_next_dist_compiled_react-dom_1e674e59._.js:9105:47)
    at performSyncWorkOnRoot (http://localhost:3000/_next/static/chunks/node_modules_next_dist_compiled_react-dom_1e674e59._.js:10238:9)
    at flushSyncWorkAcrossRoots_impl (http://localhost:3000/_next/static/chunks/node_modules_next_dist_compiled_react-dom_1e674e59._.js:10154:316)
    at flushSyncWork$1 (http://localhost:3000/_next/static/chunks/node_modules_next_dist_compiled_react-dom_1e674e59._.js:9237:86)
    at Object.scheduleRefresh (http://localhost:3000/_next/static/chunks/node_modules_next_dist_compiled_react-dom_1e674e59._.js:299:13)
    at http://localhost:3000/_next/static/chunks/node_modules_next_dist_compiled_a0e4c7b4._.js:391:33
    at Set.forEach (<anonymous>)
    at Object.performReactRefresh (http://localhost:3000/_next/static/chunks/node_modules_next_dist_compiled_a0e4c7b4._.js:384:38)
    at applyUpdate (http://localhost:3000/_next/static/chunks/node_modules_next_dist_compiled_a0e4c7b4._.js:878:31)
    at http://localhost:3000/_next/static/chunks/node_modules_next_dist_compiled_a0e4c7b4._.js:886:13 @ http://localhost:3000/_next/static/chunks/node_modules_next_dist_f3530cac._.js:3127
[ 6899881ms] [WARNING] Detected `scroll-behavior: smooth` on the `<html>` element. To disable smooth scrolling during route transitions, add `data-scroll-behavior="smooth"` to your <html> element. Learn more: https://nextjs.org/docs/messages/missing-data-scroll-behavior @ http://localhost:3000/_next/static/chunks/node_modules_next_dist_f3530cac._.js:2297
[ 9046368ms] [ERROR] %o

%s PrismaClientKnownRequestError: 
Invalid `__TURBOPACK__imported__module__$5b$project$5d2f$src$2f$lib$2f$db$2e$ts__$5b$app$2d$rsc$5d$__$28$ecmascript$29$__["db"].pageTemplate.findUnique()` invocation in
/Users/diushianstand/Scaling-up-platform-v2/src/.next/dev/server/chunks/ssr/[root-of-the-server]__4c053724._.js:84:160

  81 ;
  82 async function TemplateEditorPage({ params }) {
  83     const { id } = await params;
→ 84     const template = await __TURBOPACK__imported__module__$5b$project$5d2f$src$2f$lib$2f$db$2e$ts__$5b$app$2d$rsc$5d$__$28$ecmascript$29$__["db"].pageTemplate.findUnique(
Can't reach database server at `ep-falling-sound-aiilz991-pooler.c-4.us-east-1.aws.neon.tech:5432`

Please make sure your database server is running at `ep-falling-sound-aiilz991-pooler.c-4.us-east-1.aws.neon.tech:5432`.
    at  TemplateEditorPage (about://React/Server/file:///Users/diushianstand/Scaling-up-platform-v2/src/.next/dev/server/chunks/ssr/%5Broot-of-the-server%5D__4c053724._.js?129:84:22)
    at resolveErrorDev (http://localhost:3000/_next/static/chunks/node_modules_next_dist_compiled_react-server-dom-turbopack_9212ccad._.js:1894:148)
    at processFullStringRow (http://localhost:3000/_next/static/chunks/node_modules_next_dist_compiled_react-server-dom-turbopack_9212ccad._.js:2402:29)
    at processFullBinaryRow (http://localhost:3000/_next/static/chunks/node_modules_next_dist_compiled_react-server-dom-turbopack_9212ccad._.js:2361:9)
    at processBinaryChunk (http://localhost:3000/_next/static/chunks/node_modules_next_dist_compiled_react-server-dom-turbopack_9212ccad._.js:2470:221)
    at progress (http://localhost:3000/_next/static/chunks/node_modules_next_dist_compiled_react-server-dom-turbopack_9212ccad._.js:2640:13) The above error occurred in the <TemplateEditorPage> component. It was handled by the <ErrorBoundaryHandler> error boundary. @ http://localhost:3000/_next/static/chunks/node_modules_next_dist_client_17643121._.js:1342
[ 9046374ms] [ERROR] Application error: PrismaClientKnownRequestError: 
Invalid `__TURBOPACK__imported__module__$5b$project$5d2f$src$2f$lib$2f$db$2e$ts__$5b$app$2d$rsc$5d$__$28$ecmascript$29$__["db"].pageTemplate.findUnique()` invocation in
/Users/diushianstand/Scaling-up-platform-v2/src/.next/dev/server/chunks/ssr/[root-of-the-server]__4c053724._.js:84:160

  81 ;
  82 async function TemplateEditorPage({ params }) {
  83     const { id } = await params;
→ 84     const template = await __TURBOPACK__imported__module__$5b$project$5d2f$src$2f$lib$2f$db$2e$ts__$5b$app$2d$rsc$5d$__$28$ecmascript$29$__["db"].pageTemplate.findUnique(
Can't reach database server at `ep-falling-sound-aiilz991-pooler.c-4.us-east-1.aws.neon.tech:5432`

Please make sure your database server is running at `ep-falling-sound-aiilz991-pooler.c-4.us-east-1.aws.neon.tech:5432`.
    at  TemplateEditorPage (about://React/Server/file:///Users/diushianstand/Scaling-up-platform-v2/src/.next/dev/server/chunks/ssr/%5Broot-of-the-server%5D__4c053724._.js?129:84:22)
    at resolveErrorDev (http://localhost:3000/_next/static/chunks/node_modules_next_dist_compiled_react-server-dom-turbopack_9212ccad._.js:1894:148)
    at processFullStringRow (http://localhost:3000/_next/static/chunks/node_modules_next_dist_compiled_react-server-dom-turbopack_9212ccad._.js:2402:29)
    at processFullBinaryRow (http://localhost:3000/_next/static/chunks/node_modules_next_dist_compiled_react-server-dom-turbopack_9212ccad._.js:2361:9)
    at processBinaryChunk (http://localhost:3000/_next/static/chunks/node_modules_next_dist_compiled_react-server-dom-turbopack_9212ccad._.js:2470:221)
    at progress (http://localhost:3000/_next/static/chunks/node_modules_next_dist_compiled_react-server-dom-turbopack_9212ccad._.js:2640:13) @ http://localhost:3000/_next/static/chunks/node_modules_next_dist_f3530cac._.js:3127
[ 9046375ms] [ERROR] Application error: PrismaClientKnownRequestError: 
Invalid `__TURBOPACK__imported__module__$5b$project$5d2f$src$2f$lib$2f$db$2e$ts__$5b$app$2d$rsc$5d$__$28$ecmascript$29$__["db"].pageTemplate.findUnique()` invocation in
/Users/diushianstand/Scaling-up-platform-v2/src/.next/dev/server/chunks/ssr/[root-of-the-server]__4c053724._.js:84:160

  81 ;
  82 async function TemplateEditorPage({ params }) {
  83     const { id } = await params;
→ 84     const template = await __TURBOPACK__imported__module__$5b$project$5d2f$src$2f$lib$2f$db$2e$ts__$5b$app$2d$rsc$5d$__$28$ecmascript$29$__["db"].pageTemplate.findUnique(
Can't reach database server at `ep-falling-sound-aiilz991-pooler.c-4.us-east-1.aws.neon.tech:5432`

Please make sure your database server is running at `ep-falling-sound-aiilz991-pooler.c-4.us-east-1.aws.neon.tech:5432`.
    at  TemplateEditorPage (about://React/Server/file:///Users/diushianstand/Scaling-up-platform-v2/src/.next/dev/server/chunks/ssr/%5Broot-of-the-server%5D__4c053724._.js?129:84:22)
    at resolveErrorDev (http://localhost:3000/_next/static/chunks/node_modules_next_dist_compiled_react-server-dom-turbopack_9212ccad._.js:1894:148)
    at processFullStringRow (http://localhost:3000/_next/static/chunks/node_modules_next_dist_compiled_react-server-dom-turbopack_9212ccad._.js:2402:29)
    at processFullBinaryRow (http://localhost:3000/_next/static/chunks/node_modules_next_dist_compiled_react-server-dom-turbopack_9212ccad._.js:2361:9)
    at processBinaryChunk (http://localhost:3000/_next/static/chunks/node_modules_next_dist_compiled_react-server-dom-turbopack_9212ccad._.js:2470:221)
    at progress (http://localhost:3000/_next/static/chunks/node_modules_next_dist_compiled_react-server-dom-turbopack_9212ccad._.js:2640:13) @ http://localhost:3000/_next/static/chunks/node_modules_next_dist_f3530cac._.js:3127
[ 9174070ms] [WARNING] Detected `scroll-behavior: smooth` on the `<html>` element. To disable smooth scrolling during route transitions, add `data-scroll-behavior="smooth"` to your <html> element. Learn more: https://nextjs.org/docs/messages/missing-data-scroll-behavior @ http://localhost:3000/_next/static/chunks/node_modules_next_dist_f3530cac._.js:2297
[ 9937187ms] [WARNING] Detected `scroll-behavior: smooth` on the `<html>` element. To disable smooth scrolling during route transitions, add `data-scroll-behavior="smooth"` to your <html> element. Learn more: https://nextjs.org/docs/messages/missing-data-scroll-behavior @ http://localhost:3000/_next/static/chunks/node_modules_next_dist_f3530cac._.js:2297
