[    4644ms] [WARNING] Statsig is not ready to log exposures, will retry in 1 seconds @ https://www.figma.com/webpack-artifacts/assets/vendor-core-de07401bc94a0078.min.js.br:53
[    5635ms] [ERROR] Failed to load resource: the server responded with a status of 401 () @ https://www.figma.com/api/statsig/v1_ruleset:0
[    5636ms] [ERROR] Failed to fetch v1 ruleset: E: XHR for "/api/statsig/v1_ruleset" failed with status 401
    at w (https://www.figma.com/webpack-artifacts/assets/4741-f0d194f2677de2e4.min.js.br:1386:14827)
    at async Object.k [as get] (https://www.figma.com/webpack-artifacts/assets/4741-f0d194f2677de2e4.min.js.br:1386:15210)
    at async https://www.figma.com/webpack-artifacts/assets/4741-f0d194f2677de2e4.min.js.br:1081:204926
    at async _.validate (https://www.figma.com/webpack-artifacts/assets/figma_app_beta-1557a6d5a2825c38.min.js.br:188:195720)
    at async b (https://www.figma.com/webpack-artifacts/assets/4741-f0d194f2677de2e4.min.js.br:1347:179933)
    at async A (https://www.figma.com/webpack-artifacts/assets/4741-f0d194f2677de2e4.min.js.br:1347:179137)
    at async Object.write (https://www.figma.com/webpack-artifacts/assets/4741-f0d194f2677de2e4.min.js.br:1347:178756) @ https://www.figma.com/webpack-artifacts/assets/vendor-core-de07401bc94a0078.min.js.br:53
[    9860ms] [ERROR] Failed to load resource: the server responded with a status of 401 () @ https://www.figma.com/api/folders/548457331:0
[   10223ms] E: XHR for "/api/folders/548457331" failed with status 401
    at w (https://www.figma.com/webpack-artifacts/assets/4741-f0d194f2677de2e4.min.js.br:1386:14827)
    at async Object.k [as get] (https://www.figma.com/webpack-artifacts/assets/4741-f0d194f2677de2e4.min.js.br:1386:15210)
    at async https://www.figma.com/webpack-artifacts/assets/4741-f0d194f2677de2e4.min.js.br:1081:158966
    at async _.validate (https://www.figma.com/webpack-artifacts/assets/figma_app_beta-1557a6d5a2825c38.min.js.br:188:195720)
    at async h.fetchObject (https://www.figma.com/webpack-artifacts/assets/4741-f0d194f2677de2e4.min.js.br:332:137400)
    at async f (https://www.figma.com/webpack-artifacts/assets/4741-f0d194f2677de2e4.min.js.br:332:117702)
[   49928ms] [WARNING] Failed to execute 'postMessage' on 'DOMWindow': The target origin provided ('https://marketing.figma.com') does not match the recipient window's origin ('https://www.figma.com'). @ https://www.figma.com/webpack-artifacts/assets/4741-f0d194f2677de2e4.min.js.br:1213
[   49942ms] [WARNING] Failed to execute 'postMessage' on 'DOMWindow': The target origin provided ('https://marketing.figma.com') does not match the recipient window's origin ('https://www.figma.com'). @ https://www.figma.com/webpack-artifacts/assets/4741-f0d194f2677de2e4.min.js.br:1213
[   50579ms] [WARNING] [GSI_LOGGER]: Your client application uses one of the Google One Tap prompt UI status methods that may stop functioning when FedCM becomes mandatory. Refer to the migration guide to update your code accordingly and opt-in to FedCM to test your changes. Learn more: https://developers.google.com/identity/gsi/web/guides/fedcm-migration?s=dc#display_moment and https://developers.google.com/identity/gsi/web/guides/fedcm-migration?s=dc#skipped_moment @ https://www.figma.com/webpack-artifacts/assets/vendor-core-de07401bc94a0078.min.js.br:53
[   50585ms] [ERROR] Not signed in with the identity provider. @ https://www.figma.com/design/XGWICmm1vHjG9tl16RE88X/Scaling-Up-V2-Revisions?node-id=2055-13&p=f:0
[   53417ms] [ERROR] Attestation check for Attribution Reporting on https://www.facebook.com failed. @ https://www.figma.com/design/XGWICmm1vHjG9tl16RE88X/Scaling-Up-V2-Revisions?node-id=2055-13&p=f:0
[   55748ms] [ERROR] [GSI_LOGGER]: FedCM get() rejects with NetworkError: Error retrieving a token. @ https://www.figma.com/webpack-artifacts/assets/vendor-core-de07401bc94a0078.min.js.br:53
